<?xml version="1.0" encoding="UTF-8"?>
<!-- Generated by org.testng.reporters.JUnitXMLReporter -->
<testsuite hostname="DESKTOP-E0SQ1R3" name="ChromeTest" tests="3" failures="0" timestamp="11 Jul 2022 13:08:47 GMT" time="0.333" errors="0">
  <testcase name="@BeforeTest setup" time="0.0" classname="ff5evo600.TankStatusValidation">
    <failure type="java.lang.NullPointerException">
      <![CDATA[java.lang.NullPointerException
	at ff5evo600.TankStatusValidation.setup(TankStatusValidation.java:61)
	at java.util.concurrent.FutureTask.run(FutureTask.java:266)
	at java.util.concurrent.ThreadPoolExecutor.runWorker(ThreadPoolExecutor.java:1149)
	at java.util.concurrent.ThreadPoolExecutor$Worker.run(ThreadPoolExecutor.java:624)
	at java.lang.Thread.run(Thread.java:748)
... Removed 14 stack frames]]>
    </failure>
  </testcase> <!-- @BeforeTest setup -->
  <testcase name="@BeforeClass setup" time="0.0" classname="ff5evo600.TankStatusValidation">
    <skipped/>
  </testcase> <!-- @BeforeClass setup -->
  <testcase name="@AfterMethod reports" time="0.0" classname="ff5evo600.TankStatusValidation">
    <skipped/>
  </testcase> <!-- @AfterMethod reports -->
  <testcase name="@AfterMethod reports" time="0.0" classname="ff5evo600.TankStatusValidation">
    <skipped/>
  </testcase> <!-- @AfterMethod reports -->
  <testcase name="@AfterMethod reports" time="0.0" classname="ff5evo600.TankStatusValidation">
    <skipped/>
  </testcase> <!-- @AfterMethod reports -->
  <testcase name="@AfterTest teardown" time="0.0" classname="ff5evo600.TankStatusValidation">
    <skipped/>
  </testcase> <!-- @AfterTest teardown -->
  <testcase name="titanLoginPage" time="0.003" classname="ff5evo600.TankStatusValidation">
    <skipped/>
  </testcase> <!-- titanLoginPage -->
  <testcase name="atgHomescreen" time="0.002" classname="ff5evo600.TankStatusValidation">
    <skipped/>
  </testcase> <!-- atgHomescreen -->
  <testcase name="tankStatusVerify" time="0.002" classname="ff5evo600.TankStatusValidation">
    <skipped/>
  </testcase> <!-- tankStatusVerify -->
</testsuite> <!-- ChromeTest -->
