<?xml version="1.0" encoding="UTF-8"?>
<!-- Generated by org.testng.reporters.JUnitXMLReporter -->
<testsuite hostname="DESKTOP-E0SQ1R3" ignored="0" name="Browsertesting" tests="3" failures="0" timestamp="2022-07-14T12:47:22 IST" time="25.542" errors="0">
  <testcase name="@AfterTest teardown" time="4.848" classname="ff5evo600.TankStatusValidation">
    <failure type="java.lang.NoClassDefFoundError" message="javax/mail/Part">
      <![CDATA[java.lang.NoClassDefFoundError: javax/mail/Part
at ff5evo600.TankStatusValidation.teardown(TankStatusValidation.java:121)
Caused by: java.lang.ClassNotFoundException: javax.mail.Part
at java.net.URLClassLoader.findClass(URLClassLoader.java:382)
at java.lang.ClassLoader.loadClass(ClassLoader.java:418)
at sun.misc.Launcher$AppClassLoader.loadClass(Launcher.java:355)
at java.lang.ClassLoader.loadClass(ClassLoader.java:351)
... 25 more
... Removed 24 stack frames]]>
    </failure>
  </testcase> <!-- @AfterTest teardown -->
  <testcase name="titanLoginPage" time="7.161" classname="ff5evo600.TankStatusValidation"/>
  <testcase name="atgHomescreen" time="3.46" classname="ff5evo600.TankStatusValidation"/>
  <testcase name="tankStatusVerify" time="0.412" classname="ff5evo600.TankStatusValidation"/>
</testsuite> <!-- Browsertesting -->
