<?xml version="1.0" encoding="UTF-8"?>
<!-- Generated by org.testng.reporters.JUnitXMLReporter -->
<testsuite hostname="DESKTOP-E0SQ1R3" ignored="0" name="Browsertesting1" tests="3" failures="0" timestamp="2022-08-12T13:07:10 IST" time="171.378" errors="0">
  <testcase name="titanLoginPage" time="89.27" classname="ff5evo600.TankStatusValidation"/>
  <testcase name="atgHomescreen" time="65.411" classname="ff5evo600.TankStatusValidation"/>
  <testcase name="tankStatusVerify" time="2.631" classname="ff5evo600.TankStatusValidation"/>
</testsuite> <!-- Browsertesting1 -->
