<?xml version="1.0" encoding="UTF-8"?>
<!-- Generated by org.testng.reporters.JUnitXMLReporter -->
<testsuite hostname="DESKTOP-E0SQ1R3" ignored="0" name="Test" tests="3" failures="0" timestamp="2022-07-12T14:57:32 IST" time="0.412" errors="0">
  <testcase name="@BeforeTest setup" time="0.247" classname="ff5evo600.TankStatusValidation">
    <failure type="java.lang.NullPointerException">
      <![CDATA[java.lang.NullPointerException
at ff5evo600.TankStatusValidation.setup(TankStatusValidation.java:68)
... Removed 24 stack frames]]>
    </failure>
  </testcase> <!-- @BeforeTest setup -->
  <testcase name="@BeforeClass setup" time="-1.65761805235E9" classname="ff5evo600.TankStatusValidation">
    <skipped/>
  </testcase> <!-- @BeforeClass setup -->
  <testcase name="@AfterMethod reports" time="-1.657618052397E9" classname="ff5evo600.TankStatusValidation">
    <skipped/>
  </testcase> <!-- @AfterMethod reports -->
  <testcase name="@AfterMethod reports" time="-1.657618052423E9" classname="ff5evo600.TankStatusValidation">
    <skipped/>
  </testcase> <!-- @AfterMethod reports -->
  <testcase name="@AfterMethod reports" time="-1.657618052434E9" classname="ff5evo600.TankStatusValidation">
    <skipped/>
  </testcase> <!-- @AfterMethod reports -->
  <testcase name="@AfterTest teardown" time="-1.657618052439E9" classname="ff5evo600.TankStatusValidation">
    <skipped/>
  </testcase> <!-- @AfterTest teardown -->
  <testcase name="titanLoginPage" time="0.0" classname="ff5evo600.TankStatusValidation">
    <skipped/>
  </testcase> <!-- titanLoginPage -->
  <testcase name="atgHomescreen" time="0.0" classname="ff5evo600.TankStatusValidation">
    <skipped/>
  </testcase> <!-- atgHomescreen -->
  <testcase name="tankStatusVerify" time="0.0" classname="ff5evo600.TankStatusValidation">
    <skipped/>
  </testcase> <!-- tankStatusVerify -->
</testsuite> <!-- Test -->
