<?xml version="1.0" encoding="UTF-8"?>
<!-- Generated by org.testng.reporters.JUnitXMLReporter -->
<testsuite hostname="DESKTOP-E0SQ1R3" name="Test3" tests="3" failures="0" timestamp="11 Jul 2022 12:40:14 GMT" time="34.864" errors="0">
  <testcase name="titanloginpage" time="15.947" classname="veederRoot450plus.TankstatusTestng"/>
  <testcase name="atghomescreen" time="0.882" classname="veederRoot450plus.TankstatusTestng"/>
  <testcase name="tankstatusverify" time="2.87" classname="veederRoot450plus.TankstatusTestng"/>
</testsuite> <!-- Test3 -->
